ArDemo1/build/outputs/logs/manifest-merger-debug-report.txt
-- Merging decision tree log ---
manifest
ADDED from src/main/AndroidManifest.xml:2:1-39:12
INJECTED from src/main/AndroidManifest.xml:2:1-39:12
INJECTED from src/main/AndroidManifest.xml:2:1-39:12
INJECTED from src/main/AndroidManifest.xml:2:1-39:12
INJECTED from src/main/AndroidManifest.xml:2:1-39:12
INJECTED from src/main/AndroidManifest.xml:2:1-39:12
INJECTED from src/main/AndroidManifest.xml:2:1-39:12
	package
		ADDED from src/main/AndroidManifest.xml:2:70-105
		INJECTED from src/main/AndroidManifest.xml
		INJECTED from src/main/AndroidManifest.xml
	android:versionName
		ADDED from src/main/AndroidManifest.xml:2:154-179
		INJECTED from src/main/AndroidManifest.xml
		INJECTED from src/main/AndroidManifest.xml
	xmlns:android
		ADDED from src/main/AndroidManifest.xml:2:11-69
	android:versionCode
		ADDED from src/main/AndroidManifest.xml:2:180-203
		INJECTED from src/main/AndroidManifest.xml
		INJECTED from src/main/AndroidManifest.xml
	android:installLocation
		ADDED from src/main/AndroidManifest.xml:2:204-244
	android:theme
		ADDED from src/main/AndroidManifest.xml:2:106-153
uses-sdk
ADDED from src/main/AndroidManifest.xml:3:3-72
INJECTED from src/main/AndroidManifest.xml:3:3-72
INJECTED from src/main/AndroidManifest.xml:3:3-72
	android:targetSdkVersion
		ADDED from src/main/AndroidManifest.xml:3:40-69
		INJECTED from src/main/AndroidManifest.xml
		INJECTED from src/main/AndroidManifest.xml
	android:minSdkVersion
		ADDED from src/main/AndroidManifest.xml:3:13-39
uses-feature#android.hardware.camera
ADDED from src/main/AndroidManifest.xml:4:3-58
	android:name
		ADDED from src/main/AndroidManifest.xml:4:17-55
supports-screens
ADDED from src/main/AndroidManifest.xml:5:3-163
	android:largeScreens
		ADDED from src/main/AndroidManifest.xml:5:78-105
	android:smallScreens
		ADDED from src/main/AndroidManifest.xml:5:21-48
	android:normalScreens
		ADDED from src/main/AndroidManifest.xml:5:49-77
	android:xlargeScreens
		ADDED from src/main/AndroidManifest.xml:5:106-134
	android:anyDensity
		ADDED from src/main/AndroidManifest.xml:5:135-160
uses-permission#android.permission.INTERNET
ADDED from src/main/AndroidManifest.xml:6:3-65
	android:name
		ADDED from src/main/AndroidManifest.xml:6:20-62
uses-permission#android.permission.CAMERA
ADDED from src/main/AndroidManifest.xml:7:3-63
	android:name
		ADDED from src/main/AndroidManifest.xml:7:20-60
uses-permission#android.permission.ACCESS_NETWORK_STATE
ADDED from src/main/AndroidManifest.xml:8:3-77
	android:name
		ADDED from src/main/AndroidManifest.xml:8:20-74
uses-permission#android.permission.WRITE_EXTERNAL_STORAGE
ADDED from src/main/AndroidManifest.xml:9:3-79
	android:name
		ADDED from src/main/AndroidManifest.xml:9:20-76
application
ADDED from src/main/AndroidManifest.xml:10:3-30:17
	android:label
		ADDED from src/main/AndroidManifest.xml:10:50-82
	android:icon
		ADDED from src/main/AndroidManifest.xml:10:16-49
	android:banner
		ADDED from src/main/AndroidManifest.xml:10:164-201
	android:theme
		ADDED from src/main/AndroidManifest.xml:10:83-141
	android:isGame
		ADDED from src/main/AndroidManifest.xml:10:142-163
activity#com.shrikanthravi.ArDemo1.UnityPlayerNativeActivity
ADDED from src/main/AndroidManifest.xml:11:5-14:16
	android:screenOrientation
		ADDED from src/main/AndroidManifest.xml:11:48-86
	android:label
		ADDED from src/main/AndroidManifest.xml:11:15-47
	android:launchMode
		ADDED from src/main/AndroidManifest.xml:11:87-118
	android:configChanges
		ADDED from src/main/AndroidManifest.xml:11:119-292
	android:name
		ADDED from src/main/AndroidManifest.xml:11:293-359
meta-data#unityplayer.UnityActivity
ADDED from src/main/AndroidManifest.xml:12:7-82
	android:value
		ADDED from src/main/AndroidManifest.xml:12:59-79
	android:name
		ADDED from src/main/AndroidManifest.xml:12:18-58
meta-data#unityplayer.ForwardNativeEventsToDalvik
ADDED from src/main/AndroidManifest.xml:13:7-97
	android:value
		ADDED from src/main/AndroidManifest.xml:13:73-94
	android:name
		ADDED from src/main/AndroidManifest.xml:13:18-72
activity#com.unity3d.player.VideoPlayer
ADDED from src/main/AndroidManifest.xml:15:5-16:16
	android:screenOrientation
		ADDED from src/main/AndroidManifest.xml:15:94-130
	android:label
		ADDED from src/main/AndroidManifest.xml:15:61-93
	android:configChanges
		ADDED from src/main/AndroidManifest.xml:15:131-288
	android:name
		ADDED from src/main/AndroidManifest.xml:15:15-60
uses-library#com.ti.s3d
ADDED from src/main/AndroidManifest.xml:22:5-72
	android:required
		ADDED from src/main/AndroidManifest.xml:22:45-69
	android:name
		ADDED from src/main/AndroidManifest.xml:22:19-44
uses-library#com.osterhoutgroup.api.ext
ADDED from src/main/AndroidManifest.xml:26:5-88
	android:required
		ADDED from src/main/AndroidManifest.xml:26:61-85
	android:name
		ADDED from src/main/AndroidManifest.xml:26:19-60
meta-data#unity.build-id
ADDED from src/main/AndroidManifest.xml:27:5-101
	android:value
		ADDED from src/main/AndroidManifest.xml:27:46-98
	android:name
		ADDED from src/main/AndroidManifest.xml:27:16-45
meta-data#unity.splash-mode
ADDED from src/main/AndroidManifest.xml:28:5-69
	android:value
		ADDED from src/main/AndroidManifest.xml:28:49-66
	android:name
		ADDED from src/main/AndroidManifest.xml:28:16-48
meta-data#unity.splash-enable
ADDED from src/main/AndroidManifest.xml:29:5-74
	android:value
		ADDED from src/main/AndroidManifest.xml:29:51-71
	android:name
		ADDED from src/main/AndroidManifest.xml:29:16-50
uses-feature#0x00020000
ADDED from src/main/AndroidManifest.xml:31:3-52
	android:glEsVersion
		ADDED from src/main/AndroidManifest.xml:31:17-49
uses-feature#android.hardware.vulkan
ADDED from src/main/AndroidManifest.xml:32:3-83
	android:required
		ADDED from src/main/AndroidManifest.xml:32:56-80
	android:name
		ADDED from src/main/AndroidManifest.xml:32:17-55
uses-feature#android.hardware.camera.autofocus
ADDED from src/main/AndroidManifest.xml:33:3-93
	android:required
		ADDED from src/main/AndroidManifest.xml:33:66-90
	android:name
		ADDED from src/main/AndroidManifest.xml:33:17-65
uses-feature#android.hardware.camera.front
ADDED from src/main/AndroidManifest.xml:34:3-89
	android:required
		ADDED from src/main/AndroidManifest.xml:34:62-86
	android:name
		ADDED from src/main/AndroidManifest.xml:34:17-61
uses-permission#android.permission.READ_EXTERNAL_STORAGE
ADDED from src/main/AndroidManifest.xml:35:3-105
	android:maxSdkVersion
		ADDED from src/main/AndroidManifest.xml:35:76-102
	android:name
		ADDED from src/main/AndroidManifest.xml:35:20-75
uses-feature#android.hardware.touchscreen
ADDED from src/main/AndroidManifest.xml:36:3-88
	android:required
		ADDED from src/main/AndroidManifest.xml:36:61-85
	android:name
		ADDED from src/main/AndroidManifest.xml:36:17-60
uses-feature#android.hardware.touchscreen.multitouch
ADDED from src/main/AndroidManifest.xml:37:3-99
	android:required
		ADDED from src/main/AndroidManifest.xml:37:72-96
	android:name
		ADDED from src/main/AndroidManifest.xml:37:17-71
uses-feature#android.hardware.touchscreen.multitouch.distinct
ADDED from src/main/AndroidManifest.xml:38:3-108
	android:required
		ADDED from src/main/AndroidManifest.xml:38:81-105
	android:name
		ADDED from src/main/AndroidManifest.xml:38:17-80